# JRE version: OpenJDK Runtime Environment Temurin-21.0.6+7 (21.0.6+7) (build 21.0.6+7-LTS)
# Java VM: OpenJDK 64-Bit Server VM Temurin-21.0.6+7 (21.0.6+7-LTS, mixed mode, sharing, tiered, compressed oops, compressed class ptrs, parallel gc, windows-amd64)
GC Precious Log:
 CardTable entry size: 512
 CPUs: 12 total, 12 available
 Memory: 15741M
 Large Page Support: Disabled
 NUMA Support: Disabled
 Compressed Oops: Enabled (32-bit)
 Alignments: Space 512K, Generation 512K, Heap 2M
 Heap Min Capacity: 100M
 Heap Initial Capacity: 100M
 Heap Max Capacity: 1G
 Pre-touch: Disabled
 Parallel Workers: 10
Heap:
 PSYoungGen      total 8704K, used 8682K [0x00000000eab00000, 0x00000000eb680000, 0x0000000100000000)
  eden space 7680K, 99% used [0x00000000eab00000,0x00000000eb27ff90,0x00000000eb280000)
  from space 1024K, 97% used [0x00000000eb480000,0x00000000eb57aa50,0x00000000eb580000)
  to   space 2048K, 0% used [0x00000000eb280000,0x00000000eb280000,0x00000000eb480000)
 ParOldGen       total 74752K, used 74367K [0x00000000c0000000, 0x00000000c4900000, 0x00000000eab00000)
  object space 74752K, 99% used [0x00000000c0000000,0x00000000c489fd28,0x00000000c4900000)
 Metaspace       used 63073K, committed 64512K, reserved 1114112K
  class space    used 6368K, committed 7040K, reserved 1048576K
GC Heap History (20 events):
Event: 19.655 GC heap before
{Heap before GC invocations=46 (full 3):
 PSYoungGen      total 12800K, used 12534K [0x00000000eab00000, 0x00000000eba00000, 0x0000000100000000)
  eden space 10752K, 100% used [0x00000000eab00000,0x00000000eb580000,0x00000000eb580000)
  from space 2048K, 87% used [0x00000000eb800000,0x00000000eb9bdb68,0x00000000eba00000)
  to   space 2048K, 0% used [0x00000000eb600000,0x00000000eb600000,0x00000000eb800000)
 ParOldGen       total 68608K, used 60639K [0x00000000c0000000, 0x00000000c4300000, 0x00000000eab00000)
  object space 68608K, 88% used [0x00000000c0000000,0x00000000c3b37c48,0x00000000c4300000)
 Metaspace       used 61640K, committed 63104K, reserved 1114112K
  class space    used 6282K, committed 6912K, reserved 1048576K
}
Event: 19.657 GC heap after
{Heap after GC invocations=46 (full 3):
 PSYoungGen      total 12800K, used 1710K [0x00000000eab00000, 0x00000000eb980000, 0x0000000100000000)
  eden space 10752K, 0% used [0x00000000eab00000,0x00000000eab00000,0x00000000eb580000)
  from space 2048K, 83% used [0x00000000eb600000,0x00000000eb7abb10,0x00000000eb800000)
  to   space 1536K, 0% used [0x00000000eb800000,0x00000000eb800000,0x00000000eb980000)
 ParOldGen       total 68608K, used 62041K [0x00000000c0000000, 0x00000000c4300000, 0x00000000eab00000)
  object space 68608K, 90% used [0x00000000c0000000,0x00000000c3c96760,0x00000000c4300000)
 Metaspace       used 61640K, committed 63104K, reserved 1114112K
  class space    used 6282K, committed 6912K, reserved 1048576K
}
Event: 19.862 GC heap before
{Heap before GC invocations=47 (full 3):
 PSYoungGen      total 12800K, used 12462K [0x00000000eab00000, 0x00000000eb980000, 0x0000000100000000)
  eden space 10752K, 100% used [0x00000000eab00000,0x00000000eb580000,0x00000000eb580000)
  from space 2048K, 83% used [0x00000000eb600000,0x00000000eb7abb10,0x00000000eb800000)
  to   space 1536K, 0% used [0x00000000eb800000,0x00000000eb800000,0x00000000eb980000)
 ParOldGen       total 68608K, used 62041K [0x00000000c0000000, 0x00000000c4300000, 0x00000000eab00000)
  object space 68608K, 90% used [0x00000000c0000000,0x00000000c3c96760,0x00000000c4300000)
 Metaspace       used 61813K, committed 63296K, reserved 1114112K
  class space    used 6287K, committed 6976K, reserved 1048576K
}
Event: 19.864 GC heap after
{Heap after GC invocations=47 (full 3):
 PSYoungGen      total 11264K, used 1524K [0x00000000eab00000, 0x00000000ebc80000, 0x0000000100000000)
  eden space 9728K, 0% used [0x00000000eab00000,0x00000000eab00000,0x00000000eb480000)
  from space 1536K, 99% used [0x00000000eb800000,0x00000000eb97d1d8,0x00000000eb980000)
  to   space 3584K, 0% used [0x00000000eb480000,0x00000000eb480000,0x00000000eb800000)
 ParOldGen       total 68608K, used 63802K [0x00000000c0000000, 0x00000000c4300000, 0x00000000eab00000)
  object space 68608K, 92% used [0x00000000c0000000,0x00000000c3e4eab8,0x00000000c4300000)
 Metaspace       used 61813K, committed 63296K, reserved 1114112K
  class space    used 6287K, committed 6976K, reserved 1048576K
}
Event: 19.930 GC heap before
{Heap before GC invocations=48 (full 3):
 PSYoungGen      total 11264K, used 11215K [0x00000000eab00000, 0x00000000ebc80000, 0x0000000100000000)
  eden space 9728K, 99% used [0x00000000eab00000,0x00000000eb476dd8,0x00000000eb480000)
  from space 1536K, 99% used [0x00000000eb800000,0x00000000eb97d1d8,0x00000000eb980000)
  to   space 3584K, 0% used [0x00000000eb480000,0x00000000eb480000,0x00000000eb800000)
 ParOldGen       total 68608K, used 63802K [0x00000000c0000000, 0x00000000c4300000, 0x00000000eab00000)
  object space 68608K, 92% used [0x00000000c0000000,0x00000000c3e4eab8,0x00000000c4300000)
 Metaspace       used 61841K, committed 63296K, reserved 1114112K
  class space    used 6288K, committed 6976K, reserved 1048576K
}
Event: 19.932 GC heap after
{Heap after GC invocations=48 (full 3):
 PSYoungGen      total 11264K, used 1136K [0x00000000eab00000, 0x00000000eb880000, 0x0000000100000000)
  eden space 9728K, 0% used [0x00000000eab00000,0x00000000eab00000,0x00000000eb480000)
  from space 1536K, 73% used [0x00000000eb480000,0x00000000eb59c108,0x00000000eb600000)
  to   space 2048K, 0% used [0x00000000eb680000,0x00000000eb680000,0x00000000eb880000)
 ParOldGen       total 68608K, used 65329K [0x00000000c0000000, 0x00000000c4300000, 0x00000000eab00000)
  object space 68608K, 95% used [0x00000000c0000000,0x00000000c3fcc778,0x00000000c4300000)
 Metaspace       used 61841K, committed 63296K, reserved 1114112K
  class space    used 6288K, committed 6976K, reserved 1048576K
}
Event: 20.066 GC heap before
{Heap before GC invocations=49 (full 3):
 PSYoungGen      total 11264K, used 10864K [0x00000000eab00000, 0x00000000eb880000, 0x0000000100000000)
  eden space 9728K, 100% used [0x00000000eab00000,0x00000000eb480000,0x00000000eb480000)
  from space 1536K, 73% used [0x00000000eb480000,0x00000000eb59c108,0x00000000eb600000)
  to   space 2048K, 0% used [0x00000000eb680000,0x00000000eb680000,0x00000000eb880000)
 ParOldGen       total 68608K, used 65329K [0x00000000c0000000, 0x00000000c4300000, 0x00000000eab00000)
  object space 68608K, 95% used [0x00000000c0000000,0x00000000c3fcc778,0x00000000c4300000)
 Metaspace       used 61897K, committed 63360K, reserved 1114112K
  class space    used 6289K, committed 6976K, reserved 1048576K
}
Event: 20.068 GC heap after
{Heap after GC invocations=49 (full 3):
 PSYoungGen      total 11776K, used 1498K [0x00000000eab00000, 0x00000000eb880000, 0x0000000100000000)
  eden space 9728K, 0% used [0x00000000eab00000,0x00000000eab00000,0x00000000eb480000)
  from space 2048K, 73% used [0x00000000eb680000,0x00000000eb7f6bc0,0x00000000eb880000)
  to   space 2048K, 0% used [0x00000000eb480000,0x00000000eb480000,0x00000000eb680000)
 ParOldGen       total 68608K, used 67782K [0x00000000c0000000, 0x00000000c4300000, 0x00000000eab00000)
  object space 68608K, 98% used [0x00000000c0000000,0x00000000c4231930,0x00000000c4300000)
 Metaspace       used 61897K, committed 63360K, reserved 1114112K
  class space    used 6289K, committed 6976K, reserved 1048576K
}
Event: 20.154 GC heap before
{Heap before GC invocations=50 (full 3):
 PSYoungGen      total 11776K, used 10207K [0x00000000eab00000, 0x00000000eb880000, 0x0000000100000000)
  eden space 9728K, 89% used [0x00000000eab00000,0x00000000eb381358,0x00000000eb480000)
  from space 2048K, 73% used [0x00000000eb680000,0x00000000eb7f6bc0,0x00000000eb880000)
  to   space 2048K, 0% used [0x00000000eb480000,0x00000000eb480000,0x00000000eb680000)
 ParOldGen       total 68608K, used 67782K [0x00000000c0000000, 0x00000000c4300000, 0x00000000eab00000)
  object space 68608K, 98% used [0x00000000c0000000,0x00000000c4231930,0x00000000c4300000)
 Metaspace       used 61913K, committed 63360K, reserved 1114112K
  class space    used 6289K, committed 6976K, reserved 1048576K
}
Event: 20.157 GC heap after
{Heap after GC invocations=50 (full 3):
 PSYoungGen      total 11264K, used 1120K [0x00000000eab00000, 0x00000000eb780000, 0x0000000100000000)
  eden space 9728K, 0% used [0x00000000eab00000,0x00000000eab00000,0x00000000eb480000)
  from space 1536K, 72% used [0x00000000eb480000,0x00000000eb598350,0x00000000eb600000)
  to   space 1536K, 0% used [0x00000000eb600000,0x00000000eb600000,0x00000000eb780000)
 ParOldGen       total 69120K, used 68963K [0x00000000c0000000, 0x00000000c4380000, 0x00000000eab00000)
  object space 69120K, 99% used [0x00000000c0000000,0x00000000c4358ce8,0x00000000c4380000)
 Metaspace       used 61913K, committed 63360K, reserved 1114112K
  class space    used 6289K, committed 6976K, reserved 1048576K
}
Event: 20.349 GC heap before
{Heap before GC invocations=51 (full 3):
 PSYoungGen      total 11264K, used 10617K [0x00000000eab00000, 0x00000000eb780000, 0x0000000100000000)
  eden space 9728K, 97% used [0x00000000eab00000,0x00000000eb446320,0x00000000eb480000)
  from space 1536K, 72% used [0x00000000eb480000,0x00000000eb598350,0x00000000eb600000)
  to   space 1536K, 0% used [0x00000000eb600000,0x00000000eb600000,0x00000000eb780000)
 ParOldGen       total 69120K, used 68963K [0x00000000c0000000, 0x00000000c4380000, 0x00000000eab00000)
  object space 69120K, 99% used [0x00000000c0000000,0x00000000c4358ce8,0x00000000c4380000)
 Metaspace       used 61975K, committed 63424K, reserved 1114112K
  class space    used 6290K, committed 6976K, reserved 1048576K
}
Event: 20.351 GC heap after
{Heap after GC invocations=51 (full 3):
 PSYoungGen      total 9216K, used 1533K [0x00000000eab00000, 0x00000000ebb80000, 0x0000000100000000)
  eden space 7680K, 0% used [0x00000000eab00000,0x00000000eab00000,0x00000000eb280000)
  from space 1536K, 99% used [0x00000000eb600000,0x00000000eb77f7c0,0x00000000eb780000)
  to   space 3584K, 0% used [0x00000000eb280000,0x00000000eb280000,0x00000000eb600000)
 ParOldGen       total 70656K, used 70504K [0x00000000c0000000, 0x00000000c4500000, 0x00000000eab00000)
  object space 70656K, 99% used [0x00000000c0000000,0x00000000c44da3f8,0x00000000c4500000)
 Metaspace       used 61975K, committed 63424K, reserved 1114112K
  class space    used 6290K, committed 6976K, reserved 1048576K
}
Event: 20.399 GC heap before
{Heap before GC invocations=52 (full 3):
 PSYoungGen      total 9216K, used 9170K [0x00000000eab00000, 0x00000000ebb80000, 0x0000000100000000)
  eden space 7680K, 99% used [0x00000000eab00000,0x00000000eb2752e8,0x00000000eb280000)
  from space 1536K, 99% used [0x00000000eb600000,0x00000000eb77f7c0,0x00000000eb780000)
  to   space 3584K, 0% used [0x00000000eb280000,0x00000000eb280000,0x00000000eb600000)
 ParOldGen       total 70656K, used 70504K [0x00000000c0000000, 0x00000000c4500000, 0x00000000eab00000)
  object space 70656K, 99% used [0x00000000c0000000,0x00000000c44da3f8,0x00000000c4500000)
 Metaspace       used 61997K, committed 63488K, reserved 1114112K
  class space    used 6292K, committed 6976K, reserved 1048576K
}
Event: 20.401 GC heap after
{Heap after GC invocations=52 (full 3):
 PSYoungGen      total 8704K, used 923K [0x00000000eab00000, 0x00000000eb680000, 0x0000000100000000)
  eden space 7680K, 0% used [0x00000000eab00000,0x00000000eab00000,0x00000000eb280000)
  from space 1024K, 90% used [0x00000000eb280000,0x00000000eb366c80,0x00000000eb380000)
  to   space 2048K, 0% used [0x00000000eb480000,0x00000000eb480000,0x00000000eb680000)
 ParOldGen       total 72192K, used 72044K [0x00000000c0000000, 0x00000000c4680000, 0x00000000eab00000)
  object space 72192K, 99% used [0x00000000c0000000,0x00000000c465b210,0x00000000c4680000)
 Metaspace       used 61997K, committed 63488K, reserved 1114112K
  class space    used 6292K, committed 6976K, reserved 1048576K
}
Event: 20.505 GC heap before
{Heap before GC invocations=53 (full 3):
 PSYoungGen      total 8704K, used 8599K [0x00000000eab00000, 0x00000000eb680000, 0x0000000100000000)
  eden space 7680K, 99% used [0x00000000eab00000,0x00000000eb27f370,0x00000000eb280000)
  from space 1024K, 90% used [0x00000000eb280000,0x00000000eb366c80,0x00000000eb380000)
  to   space 2048K, 0% used [0x00000000eb480000,0x00000000eb480000,0x00000000eb680000)
 ParOldGen       total 72192K, used 72044K [0x00000000c0000000, 0x00000000c4680000, 0x00000000eab00000)
  object space 72192K, 99% used [0x00000000c0000000,0x00000000c465b210,0x00000000c4680000)
 Metaspace       used 62040K, committed 63488K, reserved 1114112K
  class space    used 6294K, committed 6976K, reserved 1048576K
}
Event: 20.507 GC heap after
{Heap after GC invocations=53 (full 3):
 PSYoungGen      total 9216K, used 1230K [0x00000000eab00000, 0x00000000eb600000, 0x0000000100000000)
  eden space 7680K, 0% used [0x00000000eab00000,0x00000000eab00000,0x00000000eb280000)
  from space 1536K, 80% used [0x00000000eb480000,0x00000000eb5b3888,0x00000000eb600000)
  to   space 1536K, 0% used [0x00000000eb300000,0x00000000eb300000,0x00000000eb480000)
 ParOldGen       total 72704K, used 72644K [0x00000000c0000000, 0x00000000c4700000, 0x00000000eab00000)
  object space 72704K, 99% used [0x00000000c0000000,0x00000000c46f1168,0x00000000c4700000)
 Metaspace       used 62040K, committed 63488K, reserved 1114112K
  class space    used 6294K, committed 6976K, reserved 1048576K
}
Event: 20.811 GC heap before
{Heap before GC invocations=54 (full 3):
 PSYoungGen      total 9216K, used 8886K [0x00000000eab00000, 0x00000000eb600000, 0x0000000100000000)
  eden space 7680K, 99% used [0x00000000eab00000,0x00000000eb27a1c0,0x00000000eb280000)
  from space 1536K, 80% used [0x00000000eb480000,0x00000000eb5b3888,0x00000000eb600000)
  to   space 1536K, 0% used [0x00000000eb300000,0x00000000eb300000,0x00000000eb480000)
 ParOldGen       total 72704K, used 72644K [0x00000000c0000000, 0x00000000c4700000, 0x00000000eab00000)
  object space 72704K, 99% used [0x00000000c0000000,0x00000000c46f1168,0x00000000c4700000)
 Metaspace       used 62269K, committed 63680K, reserved 1114112K
  class space    used 6312K, committed 6976K, reserved 1048576K
}
Event: 20.813 GC heap after
{Heap after GC invocations=54 (full 3):
 PSYoungGen      total 9216K, used 1085K [0x00000000eab00000, 0x00000000eb580000, 0x0000000100000000)
  eden space 7680K, 0% used [0x00000000eab00000,0x00000000eab00000,0x00000000eb280000)
  from space 1536K, 70% used [0x00000000eb300000,0x00000000eb40f7c0,0x00000000eb480000)
  to   space 1024K, 0% used [0x00000000eb480000,0x00000000eb480000,0x00000000eb580000)
 ParOldGen       total 73728K, used 73491K [0x00000000c0000000, 0x00000000c4800000, 0x00000000eab00000)
  object space 73728K, 99% used [0x00000000c0000000,0x00000000c47c4c78,0x00000000c4800000)
 Metaspace       used 62269K, committed 63680K, reserved 1114112K
  class space    used 6312K, committed 6976K, reserved 1048576K
}
Event: 21.074 GC heap before
{Heap before GC invocations=55 (full 3):
 PSYoungGen      total 9216K, used 8751K [0x00000000eab00000, 0x00000000eb580000, 0x0000000100000000)
  eden space 7680K, 99% used [0x00000000eab00000,0x00000000eb27c4f0,0x00000000eb280000)
  from space 1536K, 70% used [0x00000000eb300000,0x00000000eb40f7c0,0x00000000eb480000)
  to   space 1024K, 0% used [0x00000000eb480000,0x00000000eb480000,0x00000000eb580000)
 ParOldGen       total 73728K, used 73491K [0x00000000c0000000, 0x00000000c4800000, 0x00000000eab00000)
  object space 73728K, 99% used [0x00000000c0000000,0x00000000c47c4c78,0x00000000c4800000)
 Metaspace       used 62858K, committed 64320K, reserved 1114112K
  class space    used 6352K, committed 6976K, reserved 1048576K
}
Event: 21.076 GC heap after
{Heap after GC invocations=55 (full 3):
 PSYoungGen      total 8704K, used 1002K [0x00000000eab00000, 0x00000000eb680000, 0x0000000100000000)
  eden space 7680K, 0% used [0x00000000eab00000,0x00000000eab00000,0x00000000eb280000)
  from space 1024K, 97% used [0x00000000eb480000,0x00000000eb57aa50,0x00000000eb580000)
  to   space 2048K, 0% used [0x00000000eb280000,0x00000000eb280000,0x00000000eb480000)
 ParOldGen       total 74752K, used 74367K [0x00000000c0000000, 0x00000000c4900000, 0x00000000eab00000)
  object space 74752K, 99% used [0x00000000c0000000,0x00000000c489fd28,0x00000000c4900000)
 Metaspace       used 62858K, committed 64320K, reserved 1114112K
  class space    used 6352K, committed 6976K, reserved 1048576K
}

