# JRE version: OpenJDK Runtime Environment Temurin-21.0.6+7 (21.0.6+7) (build 21.0.6+7-LTS)
# Java VM: OpenJDK 64-Bit Server VM Temurin-21.0.6+7 (21.0.6+7-LTS, mixed mode, sharing, tiered, compressed oops, compressed class ptrs, parallel gc, windows-amd64)
GC Precious Log:
 CardTable entry size: 512
 CPUs: 12 total, 12 available
 Memory: 15741M
 Large Page Support: Disabled
 NUMA Support: Disabled
 Compressed Oops: Enabled (32-bit)
 Alignments: Space 512K, Generation 512K, Heap 2M
 Heap Min Capacity: 100M
 Heap Initial Capacity: 100M
 Heap Max Capacity: 1G
 Pre-touch: Disabled
 Parallel Workers: 10
Heap:
 PSYoungGen      total 18944K, used 8117K [0x00000000eab00000, 0x00000000ec180000, 0x0000000100000000)
  eden space 16896K, 38% used [0x00000000eab00000,0x00000000eb1489a0,0x00000000ebb80000)
  from space 2048K, 82% used [0x00000000ebf80000,0x00000000ec124df0,0x00000000ec180000)
  to   space 2560K, 0% used [0x00000000ebc80000,0x00000000ebc80000,0x00000000ebf00000)
 ParOldGen       total 68608K, used 40025K [0x00000000c0000000, 0x00000000c4300000, 0x00000000eab00000)
  object space 68608K, 58% used [0x00000000c0000000,0x00000000c27164b0,0x00000000c4300000)
 Metaspace       used 43592K, committed 44672K, reserved 1114112K
  class space    used 4193K, committed 4672K, reserved 1048576K
GC Heap History (20 events):
Event: 6.847 GC heap before
{Heap before GC invocations=19 (full 1):
 PSYoungGen      total 24064K, used 12763K [0x00000000eab00000, 0x00000000ec480000, 0x0000000100000000)
  eden space 22016K, 50% used [0x00000000eab00000,0x00000000eb5e3d50,0x00000000ec080000)
  from space 2048K, 78% used [0x00000000ec080000,0x00000000ec212ff0,0x00000000ec280000)
  to   space 2048K, 0% used [0x00000000ec280000,0x00000000ec280000,0x00000000ec480000)
 ParOldGen       total 68608K, used 29770K [0x00000000c0000000, 0x00000000c4300000, 0x00000000eab00000)
  object space 68608K, 43% used [0x00000000c0000000,0x00000000c1d129d0,0x00000000c4300000)
 Metaspace       used 34967K, committed 35840K, reserved 1114112K
  class space    used 3463K, committed 3840K, reserved 1048576K
}
Event: 6.849 GC heap after
{Heap after GC invocations=19 (full 1):
 PSYoungGen      total 22528K, used 352K [0x00000000eab00000, 0x00000000ec300000, 0x0000000100000000)
  eden space 22016K, 0% used [0x00000000eab00000,0x00000000eab00000,0x00000000ec080000)
  from space 512K, 68% used [0x00000000ec280000,0x00000000ec2d8000,0x00000000ec300000)
  to   space 1024K, 0% used [0x00000000ec100000,0x00000000ec100000,0x00000000ec200000)
 ParOldGen       total 68608K, used 31281K [0x00000000c0000000, 0x00000000c4300000, 0x00000000eab00000)
  object space 68608K, 45% used [0x00000000c0000000,0x00000000c1e8c518,0x00000000c4300000)
 Metaspace       used 34967K, committed 35840K, reserved 1114112K
  class space    used 3463K, committed 3840K, reserved 1048576K
}
Event: 6.849 GC heap before
{Heap before GC invocations=20 (full 2):
 PSYoungGen      total 22528K, used 352K [0x00000000eab00000, 0x00000000ec300000, 0x0000000100000000)
  eden space 22016K, 0% used [0x00000000eab00000,0x00000000eab00000,0x00000000ec080000)
  from space 512K, 68% used [0x00000000ec280000,0x00000000ec2d8000,0x00000000ec300000)
  to   space 1024K, 0% used [0x00000000ec100000,0x00000000ec100000,0x00000000ec200000)
 ParOldGen       total 68608K, used 31281K [0x00000000c0000000, 0x00000000c4300000, 0x00000000eab00000)
  object space 68608K, 45% used [0x00000000c0000000,0x00000000c1e8c518,0x00000000c4300000)
 Metaspace       used 34967K, committed 35840K, reserved 1114112K
  class space    used 3463K, committed 3840K, reserved 1048576K
}
Event: 6.899 GC heap after
{Heap after GC invocations=20 (full 2):
 PSYoungGen      total 22528K, used 0K [0x00000000eab00000, 0x00000000ec300000, 0x0000000100000000)
  eden space 22016K, 0% used [0x00000000eab00000,0x00000000eab00000,0x00000000ec080000)
  from space 512K, 0% used [0x00000000ec280000,0x00000000ec280000,0x00000000ec300000)
  to   space 1024K, 0% used [0x00000000ec100000,0x00000000ec100000,0x00000000ec200000)
 ParOldGen       total 68608K, used 29507K [0x00000000c0000000, 0x00000000c4300000, 0x00000000eab00000)
  object space 68608K, 43% used [0x00000000c0000000,0x00000000c1cd0fe8,0x00000000c4300000)
 Metaspace       used 34869K, committed 35840K, reserved 1114112K
  class space    used 3436K, committed 3840K, reserved 1048576K
}
Event: 7.528 GC heap before
{Heap before GC invocations=21 (full 2):
 PSYoungGen      total 22528K, used 21870K [0x00000000eab00000, 0x00000000ec300000, 0x0000000100000000)
  eden space 22016K, 99% used [0x00000000eab00000,0x00000000ec05bac8,0x00000000ec080000)
  from space 512K, 0% used [0x00000000ec280000,0x00000000ec280000,0x00000000ec300000)
  to   space 1024K, 0% used [0x00000000ec100000,0x00000000ec100000,0x00000000ec200000)
 ParOldGen       total 68608K, used 29507K [0x00000000c0000000, 0x00000000c4300000, 0x00000000eab00000)
  object space 68608K, 43% used [0x00000000c0000000,0x00000000c1cd0fe8,0x00000000c4300000)
 Metaspace       used 36334K, committed 37184K, reserved 1114112K
  class space    used 3571K, committed 3968K, reserved 1048576K
}
Event: 7.530 GC heap after
{Heap after GC invocations=21 (full 2):
 PSYoungGen      total 23040K, used 1014K [0x00000000eab00000, 0x00000000ec480000, 0x0000000100000000)
  eden space 22016K, 0% used [0x00000000eab00000,0x00000000eab00000,0x00000000ec080000)
  from space 1024K, 99% used [0x00000000ec100000,0x00000000ec1fdbc0,0x00000000ec200000)
  to   space 2048K, 0% used [0x00000000ec280000,0x00000000ec280000,0x00000000ec480000)
 ParOldGen       total 68608K, used 30197K [0x00000000c0000000, 0x00000000c4300000, 0x00000000eab00000)
  object space 68608K, 44% used [0x00000000c0000000,0x00000000c1d7d7a0,0x00000000c4300000)
 Metaspace       used 36334K, committed 37184K, reserved 1114112K
  class space    used 3571K, committed 3968K, reserved 1048576K
}
Event: 7.669 GC heap before
{Heap before GC invocations=22 (full 2):
 PSYoungGen      total 23040K, used 23030K [0x00000000eab00000, 0x00000000ec480000, 0x0000000100000000)
  eden space 22016K, 100% used [0x00000000eab00000,0x00000000ec080000,0x00000000ec080000)
  from space 1024K, 99% used [0x00000000ec100000,0x00000000ec1fdbc0,0x00000000ec200000)
  to   space 2048K, 0% used [0x00000000ec280000,0x00000000ec280000,0x00000000ec480000)
 ParOldGen       total 68608K, used 30197K [0x00000000c0000000, 0x00000000c4300000, 0x00000000eab00000)
  object space 68608K, 44% used [0x00000000c0000000,0x00000000c1d7d7a0,0x00000000c4300000)
 Metaspace       used 36369K, committed 37248K, reserved 1114112K
  class space    used 3571K, committed 3968K, reserved 1048576K
}
Event: 7.671 GC heap after
{Heap after GC invocations=22 (full 2):
 PSYoungGen      total 23040K, used 905K [0x00000000eab00000, 0x00000000ec380000, 0x0000000100000000)
  eden space 22016K, 0% used [0x00000000eab00000,0x00000000eab00000,0x00000000ec080000)
  from space 1024K, 88% used [0x00000000ec280000,0x00000000ec362658,0x00000000ec380000)
  to   space 1536K, 0% used [0x00000000ec080000,0x00000000ec080000,0x00000000ec200000)
 ParOldGen       total 68608K, used 31419K [0x00000000c0000000, 0x00000000c4300000, 0x00000000eab00000)
  object space 68608K, 45% used [0x00000000c0000000,0x00000000c1eaee58,0x00000000c4300000)
 Metaspace       used 36369K, committed 37248K, reserved 1114112K
  class space    used 3571K, committed 3968K, reserved 1048576K
}
Event: 7.983 GC heap before
{Heap before GC invocations=23 (full 2):
 PSYoungGen      total 23040K, used 22921K [0x00000000eab00000, 0x00000000ec380000, 0x0000000100000000)
  eden space 22016K, 100% used [0x00000000eab00000,0x00000000ec080000,0x00000000ec080000)
  from space 1024K, 88% used [0x00000000ec280000,0x00000000ec362658,0x00000000ec380000)
  to   space 1536K, 0% used [0x00000000ec080000,0x00000000ec080000,0x00000000ec200000)
 ParOldGen       total 68608K, used 31419K [0x00000000c0000000, 0x00000000c4300000, 0x00000000eab00000)
  object space 68608K, 45% used [0x00000000c0000000,0x00000000c1eaee58,0x00000000c4300000)
 Metaspace       used 38007K, committed 38848K, reserved 1114112K
  class space    used 3742K, committed 4096K, reserved 1048576K
}
Event: 7.985 GC heap after
{Heap after GC invocations=23 (full 2):
 PSYoungGen      total 23552K, used 1344K [0x00000000eab00000, 0x00000000ec380000, 0x0000000100000000)
  eden space 22016K, 0% used [0x00000000eab00000,0x00000000eab00000,0x00000000ec080000)
  from space 1536K, 87% used [0x00000000ec080000,0x00000000ec1d0040,0x00000000ec200000)
  to   space 1536K, 0% used [0x00000000ec200000,0x00000000ec200000,0x00000000ec380000)
 ParOldGen       total 68608K, used 31459K [0x00000000c0000000, 0x00000000c4300000, 0x00000000eab00000)
  object space 68608K, 45% used [0x00000000c0000000,0x00000000c1eb8e58,0x00000000c4300000)
 Metaspace       used 38007K, committed 38848K, reserved 1114112K
  class space    used 3742K, committed 4096K, reserved 1048576K
}
Event: 8.449 GC heap before
{Heap before GC invocations=24 (full 2):
 PSYoungGen      total 23552K, used 23360K [0x00000000eab00000, 0x00000000ec380000, 0x0000000100000000)
  eden space 22016K, 100% used [0x00000000eab00000,0x00000000ec080000,0x00000000ec080000)
  from space 1536K, 87% used [0x00000000ec080000,0x00000000ec1d0040,0x00000000ec200000)
  to   space 1536K, 0% used [0x00000000ec200000,0x00000000ec200000,0x00000000ec380000)
 ParOldGen       total 68608K, used 31459K [0x00000000c0000000, 0x00000000c4300000, 0x00000000eab00000)
  object space 68608K, 45% used [0x00000000c0000000,0x00000000c1eb8e58,0x00000000c4300000)
 Metaspace       used 39079K, committed 40000K, reserved 1114112K
  class space    used 3841K, committed 4224K, reserved 1048576K
}
Event: 8.452 GC heap after
{Heap after GC invocations=24 (full 2):
 PSYoungGen      total 23040K, used 547K [0x00000000eab00000, 0x00000000ec300000, 0x0000000100000000)
  eden space 22016K, 0% used [0x00000000eab00000,0x00000000eab00000,0x00000000ec080000)
  from space 1024K, 53% used [0x00000000ec200000,0x00000000ec288dc0,0x00000000ec300000)
  to   space 1024K, 0% used [0x00000000ec100000,0x00000000ec100000,0x00000000ec200000)
 ParOldGen       total 68608K, used 32659K [0x00000000c0000000, 0x00000000c4300000, 0x00000000eab00000)
  object space 68608K, 47% used [0x00000000c0000000,0x00000000c1fe4ef8,0x00000000c4300000)
 Metaspace       used 39079K, committed 40000K, reserved 1114112K
  class space    used 3841K, committed 4224K, reserved 1048576K
}
Event: 9.497 GC heap before
{Heap before GC invocations=25 (full 2):
 PSYoungGen      total 23040K, used 22563K [0x00000000eab00000, 0x00000000ec300000, 0x0000000100000000)
  eden space 22016K, 99% used [0x00000000eab00000,0x00000000ec07fff8,0x00000000ec080000)
  from space 1024K, 53% used [0x00000000ec200000,0x00000000ec288dc0,0x00000000ec300000)
  to   space 1024K, 0% used [0x00000000ec100000,0x00000000ec100000,0x00000000ec200000)
 ParOldGen       total 68608K, used 32659K [0x00000000c0000000, 0x00000000c4300000, 0x00000000eab00000)
  object space 68608K, 47% used [0x00000000c0000000,0x00000000c1fe4ef8,0x00000000c4300000)
 Metaspace       used 40236K, committed 41216K, reserved 1114112K
  class space    used 3949K, committed 4352K, reserved 1048576K
}
Event: 9.499 GC heap after
{Heap after GC invocations=25 (full 2):
 PSYoungGen      total 23040K, used 851K [0x00000000eab00000, 0x00000000ec280000, 0x0000000100000000)
  eden space 22016K, 0% used [0x00000000eab00000,0x00000000eab00000,0x00000000ec080000)
  from space 1024K, 83% used [0x00000000ec100000,0x00000000ec1d4df0,0x00000000ec200000)
  to   space 512K, 0% used [0x00000000ec200000,0x00000000ec200000,0x00000000ec280000)
 ParOldGen       total 68608K, used 33047K [0x00000000c0000000, 0x00000000c4300000, 0x00000000eab00000)
  object space 68608K, 48% used [0x00000000c0000000,0x00000000c2045cb8,0x00000000c4300000)
 Metaspace       used 40236K, committed 41216K, reserved 1114112K
  class space    used 3949K, committed 4352K, reserved 1048576K
}
Event: 10.868 GC heap before
{Heap before GC invocations=26 (full 2):
 PSYoungGen      total 23040K, used 22867K [0x00000000eab00000, 0x00000000ec280000, 0x0000000100000000)
  eden space 22016K, 100% used [0x00000000eab00000,0x00000000ec080000,0x00000000ec080000)
  from space 1024K, 83% used [0x00000000ec100000,0x00000000ec1d4df0,0x00000000ec200000)
  to   space 512K, 0% used [0x00000000ec200000,0x00000000ec200000,0x00000000ec280000)
 ParOldGen       total 68608K, used 33047K [0x00000000c0000000, 0x00000000c4300000, 0x00000000eab00000)
  object space 68608K, 48% used [0x00000000c0000000,0x00000000c2045cb8,0x00000000c4300000)
 Metaspace       used 41438K, committed 42368K, reserved 1114112K
  class space    used 4027K, committed 4416K, reserved 1048576K
}
Event: 10.871 GC heap after
{Heap after GC invocations=26 (full 2):
 PSYoungGen      total 17408K, used 502K [0x00000000eab00000, 0x00000000ecd80000, 0x0000000100000000)
  eden space 16896K, 0% used [0x00000000eab00000,0x00000000eab00000,0x00000000ebb80000)
  from space 512K, 98% used [0x00000000ec200000,0x00000000ec27da48,0x00000000ec280000)
  to   space 6656K, 0% used [0x00000000ebb80000,0x00000000ebb80000,0x00000000ec200000)
 ParOldGen       total 68608K, used 38032K [0x00000000c0000000, 0x00000000c4300000, 0x00000000eab00000)
  object space 68608K, 55% used [0x00000000c0000000,0x00000000c2524128,0x00000000c4300000)
 Metaspace       used 41438K, committed 42368K, reserved 1114112K
  class space    used 4027K, committed 4416K, reserved 1048576K
}
Event: 11.662 GC heap before
{Heap before GC invocations=27 (full 2):
 PSYoungGen      total 17408K, used 17398K [0x00000000eab00000, 0x00000000ecd80000, 0x0000000100000000)
  eden space 16896K, 100% used [0x00000000eab00000,0x00000000ebb80000,0x00000000ebb80000)
  from space 512K, 98% used [0x00000000ec200000,0x00000000ec27da48,0x00000000ec280000)
  to   space 6656K, 0% used [0x00000000ebb80000,0x00000000ebb80000,0x00000000ec200000)
 ParOldGen       total 68608K, used 38032K [0x00000000c0000000, 0x00000000c4300000, 0x00000000eab00000)
  object space 68608K, 55% used [0x00000000c0000000,0x00000000c2524128,0x00000000c4300000)
 Metaspace       used 42721K, committed 43712K, reserved 1114112K
  class space    used 4124K, committed 4544K, reserved 1048576K
}
Event: 11.666 GC heap after
{Heap after GC invocations=27 (full 2):
 PSYoungGen      total 20480K, used 3177K [0x00000000eab00000, 0x00000000ec380000, 0x0000000100000000)
  eden space 16896K, 0% used [0x00000000eab00000,0x00000000eab00000,0x00000000ebb80000)
  from space 3584K, 88% used [0x00000000ebb80000,0x00000000ebe9a5b8,0x00000000ebf00000)
  to   space 4096K, 0% used [0x00000000ebf80000,0x00000000ebf80000,0x00000000ec380000)
 ParOldGen       total 68608K, used 38655K [0x00000000c0000000, 0x00000000c4300000, 0x00000000eab00000)
  object space 68608K, 56% used [0x00000000c0000000,0x00000000c25bfcc0,0x00000000c4300000)
 Metaspace       used 42721K, committed 43712K, reserved 1114112K
  class space    used 4124K, committed 4544K, reserved 1048576K
}
Event: 12.578 GC heap before
{Heap before GC invocations=28 (full 2):
 PSYoungGen      total 20480K, used 20073K [0x00000000eab00000, 0x00000000ec380000, 0x0000000100000000)
  eden space 16896K, 100% used [0x00000000eab00000,0x00000000ebb80000,0x00000000ebb80000)
  from space 3584K, 88% used [0x00000000ebb80000,0x00000000ebe9a5b8,0x00000000ebf00000)
  to   space 4096K, 0% used [0x00000000ebf80000,0x00000000ebf80000,0x00000000ec380000)
 ParOldGen       total 68608K, used 38655K [0x00000000c0000000, 0x00000000c4300000, 0x00000000eab00000)
  object space 68608K, 56% used [0x00000000c0000000,0x00000000c25bfcc0,0x00000000c4300000)
 Metaspace       used 43316K, committed 44352K, reserved 1114112K
  class space    used 4165K, committed 4608K, reserved 1048576K
}
Event: 12.580 GC heap after
{Heap after GC invocations=28 (full 2):
 PSYoungGen      total 18944K, used 1683K [0x00000000eab00000, 0x00000000ec180000, 0x0000000100000000)
  eden space 16896K, 0% used [0x00000000eab00000,0x00000000eab00000,0x00000000ebb80000)
  from space 2048K, 82% used [0x00000000ebf80000,0x00000000ec124df0,0x00000000ec180000)
  to   space 2560K, 0% used [0x00000000ebc80000,0x00000000ebc80000,0x00000000ebf00000)
 ParOldGen       total 68608K, used 40025K [0x00000000c0000000, 0x00000000c4300000, 0x00000000eab00000)
  object space 68608K, 58% used [0x00000000c0000000,0x00000000c27164b0,0x00000000c4300000)
 Metaspace       used 43316K, committed 44352K, reserved 1114112K
  class space    used 4165K, committed 4608K, reserved 1048576K
}

